Arguments: 
  C:\Program Files\nodejs\node.exe C:\Users\sherman\AppData\Roaming\npm\node_modules\yarn\bin\yarn.js add transform-decorators-legacy --save

PATH: 
  C:\Go\bin;C:\Program Files\Docker\Docker\resources\bin;C:\Program Files\Git\cmd;C:\Program Files\TortoiseGit\bin;C:\Program Files\nodejs\;C:\ProgramData\DockerDesktop\version-bin;C:\Users\sherman\AppData\Local\Microsoft\WindowsApps;C:\Users\sherman\AppData\Roaming\npm;C:\Users\sherman\go\bin;C:\Windows;C:\Windows\System32\OpenSSH\;C:\Windows\System32\Wbem;C:\Windows\System32\WindowsPowerShell\v1.0\;C:\Windows\system32;E:\Microsoft VS Code\bin;E:\mysql\bin;C:\Users\sherman\AppData\Local\Microsoft\WindowsApps;;E:\Microsoft VS Code\bin;C:\Users\sherman\AppData\Roaming\npm;C:\Users\sherman\go\bin

Yarn version: 
  1.22.10

Node version: 
  14.17.0

Platform: 
  win32 x64

Trace: 
  Error: http://registry.npm.taobao.org/transform-decorators-legacy: Not found
      at Request.params.callback [as _callback] (C:\Users\sherman\AppData\Roaming\npm\node_modules\yarn\lib\cli.js:66988:18)
      at Request.self.callback (C:\Users\sherman\AppData\Roaming\npm\node_modules\yarn\lib\cli.js:140662:22)
      at Request.emit (events.js:376:20)
      at Request.<anonymous> (C:\Users\sherman\AppData\Roaming\npm\node_modules\yarn\lib\cli.js:141634:10)
      at Request.emit (events.js:376:20)
      at IncomingMessage.<anonymous> (C:\Users\sherman\AppData\Roaming\npm\node_modules\yarn\lib\cli.js:141556:12)
      at Object.onceWrapper (events.js:482:28)
      at IncomingMessage.emit (events.js:388:22)
      at endReadableNT (internal/streams/readable.js:1336:12)
      at processTicksAndRejections (internal/process/task_queues.js:82:21)

npm manifest: 
  {
    "name": "gk-comment",
    "version": "1.0.0",
    "description": "h5端评论组件包",
    "keywords": [
      "comment"
    ],
    "browser": "dist/index.js",
    "main": "dist/index.js",
    "module": "dist/index.esm.js",
    "scripts": {
      "test": "echo \"Error: no test specified\" && exit 1",
      "clean": "rimraf lib/*",
      "build": "npm run clean && babel src --out-dir lib --copy-files"
    },
    "author": "tj",
    "license": "MIT",
    "dependencies": {
      "@ant-design/pro-layout": "^6.5.0",
      "@types/axios": "^0.14.0",
      "axios": "^0.21.1",
      "babel-plugin-import": "^1.13.3",
      "dingtalk-jsapi": "^2.13.42",
      "less": "2.7.2",
      "less-loader": "^10.0.1",
      "moment": "^2.29.1",
      "node-sass": "^6.0.1",
      "toolkits-ez": "^1.0.0",
      "zarm": "^2.9.1"
    },
    "devDependencies": {
      "@types/lodash": "^4.14.173",
      "@types/react": "^17.0.20",
      "@types/react-dom": "^17.0.0",
      "antd-mobile": "^5.0.0-beta.2",
      "babel-cli": "^6.26.0",
      "babel-core": "^6.26.3",
      "babel-loader": "^8.0.6",
      "babel-plugin-istanbul": "^5.2.0",
      "babel-preset-env": "^1.7.0",
      "babel-preset-es2015": "^6.24.1",
      "babel-preset-react": "^6.24.1",
      "babel-preset-stage-0": "^6.24.1",
      "cross-env": "^7.0.3",
      "gj-sso-sdk": "^2.1.2",
      "lodash": "^4.17.21",
      "prettier": "^2.2.0",
      "react": "^17.0.2",
      "react-dom": "^17.0.2",
      "the-answer": "^1.0.0",
      "typescript": "^4.1.2",
      "webpack": "^5.53.0"
    }
  }

yarn manifest: 
  No manifest

Lockfile: 
  No lockfile
